

 SAP2000 v26.3.0 Ultimate 64-bit (Analysis Build 9993/64)                       
 File: C:\Users\mnwpa\OneDrive\Documents\GitHub\StructGNN\3DFrame.OUT           
                                                                     
                                                                       

 D I S P L A C E M E N T   D E G R E E S   O F   F R E E D O M

         (A) = Active DOF, equilibrium equation
         (-) = Restrained DOF, reaction computed
         (+) = Constrained DOF
         (>) = External substructure DOF
         ( ) = Null DOF

  JOINTS              UX  UY  UZ  RX  RY  RZ
       1               -   -   -   A   A   A
       2 TO       7    A   A   A   A   A   A
       8               -   -   -   A   A   A
       9 TO      14    A   A   A   A   A   A
      15               -   -   -   A   A   A
      16 TO      21    A   A   A   A   A   A
      22               -   -   -   A   A   A
      23 TO      28    A   A   A   A   A   A
      29               -   -   -   A   A   A
      30 TO      35    A   A   A   A   A   A
      36               -   -   -   A   A   A
      37 TO      42    A   A   A   A   A   A
      43               -   -   -   A   A   A
      44 TO      49    A   A   A   A   A   A
      50               -   -   -   A   A   A
      51 TO      56    A   A   A   A   A   A
      57               -   -   -   A   A   A
      58 TO      63    A   A   A   A   A   A
      64               -   -   -   A   A   A
      65 TO      70    A   A   A   A   A   A
      71               -   -   -   A   A   A
      72 TO      77    A   A   A   A   A   A
      78               -   -   -   A   A   A
      79 TO      84    A   A   A   A   A   A
      85               -   -   -   A   A   A
      86 TO      91    A   A   A   A   A   A
      92               -   -   -   A   A   A
      93 TO      98    A   A   A   A   A   A
      99               -   -   -   A   A   A
     100 TO     105    A   A   A   A   A   A
     106               -   -   -   A   A   A
     107 TO     112    A   A   A   A   A   A
     113               -   -   -   A   A   A
     114 TO     119    A   A   A   A   A   A
     120               -   -   -   A   A   A
     121 TO     126    A   A   A   A   A   A
     127               -   -   -   A   A   A
     128 TO     133    A   A   A   A   A   A
     134               -   -   -   A   A   A
     135 TO     140    A   A   A   A   A   A
     141               -   -   -   A   A   A
     142 TO     147    A   A   A   A   A   A
     148               -   -   -   A   A   A
     149 TO     154    A   A   A   A   A   A
     155               -   -   -   A   A   A
     156 TO     161    A   A   A   A   A   A
     162               -   -   -   A   A   A
     163 TO     168    A   A   A   A   A   A
     169               -   -   -   A   A   A
     170 TO     175    A   A   A   A   A   A
     176               -   -   -   A   A   A
     177 TO     182    A   A   A   A   A   A
     183               -   -   -   A   A   A
     184 TO     189    A   A   A   A   A   A
     190               -   -   -   A   A   A
     191 TO     196    A   A   A   A   A   A
     197               -   -   -   A   A   A
     198 TO     203    A   A   A   A   A   A
     204               -   -   -   A   A   A
     205 TO     210    A   A   A   A   A   A
     211               -   -   -   A   A   A
     212 TO     217    A   A   A   A   A   A
     218               -   -   -   A   A   A
     219 TO     224    A   A   A   A   A   A
     225               -   -   -   A   A   A
     226 TO     231    A   A   A   A   A   A
     232               -   -   -   A   A   A
     233 TO     238    A   A   A   A   A   A
     239               -   -   -   A   A   A
     240 TO     245    A   A   A   A   A   A
     246               -   -   -   A   A   A
     247 TO     252    A   A   A   A   A   A
     253               -   -   -   A   A   A
     254 TO     259    A   A   A   A   A   A
     260               -   -   -   A   A   A
     261 TO     266    A   A   A   A   A   A
     267               -   -   -   A   A   A
     268 TO     273    A   A   A   A   A   A
     274               -   -   -   A   A   A
     275 TO     280    A   A   A   A   A   A
     281               -   -   -   A   A   A
     282 TO     287    A   A   A   A   A   A
     288               -   -   -   A   A   A
     289 TO     294    A   A   A   A   A   A
